<?xml version="1.0" encoding="UTF-8"?>
<!-- Generated by org.testng.reporters.JUnitReportReporter -->
<testsuite skipped="1" hostname="ASC1514-bl-pc" name="com.ChrisMensing.AmazonSeleniumFramework.VerifyFilteredSearches" tests="1" failures="0" timestamp="2019-09-11T15:54:08 EDT" time="0.000" errors="0">
  <testcase name="FileteredSearch" time="0.000" classname="com.ChrisMensing.AmazonSeleniumFramework.VerifyFilteredSearches">
    <skipped/>
  </testcase> <!-- FileteredSearch -->
</testsuite> <!-- com.ChrisMensing.AmazonSeleniumFramework.VerifyFilteredSearches -->
